<?xml version="1.0" encoding="UTF-8"?>
<coverage generated="1751771275910" clover="3.2.0">
  <project timestamp="1751771275910" name="All files">
    <metrics statements="6" coveredstatements="0" conditionals="0" coveredconditionals="0" methods="0" coveredmethods="0" elements="6" coveredelements="0" complexity="0" loc="6" ncloc="6" packages="1" files="1" classes="1"/>
    <file name="main.tsx" path="/Users/mac/Desktop/Dev/JScript/zaion/z-front/src/main.tsx">
      <metrics statements="6" coveredstatements="0" conditionals="0" coveredconditionals="0" methods="0" coveredmethods="0"/>
      <line num="1" count="0" type="stmt"/>
      <line num="2" count="0" type="stmt"/>
      <line num="3" count="0" type="stmt"/>
      <line num="4" count="0" type="stmt"/>
      <line num="6" count="0" type="stmt"/>
      <line num="8" count="0" type="stmt"/>
    </file>
  </project>
</coverage>
